<?xml version="1.0" encoding="UTF-8"?>
<testsuite xmlns:xsi="http://www.w3.org/2001/XMLSchema-instance" xsi:noNamespaceSchemaLocation="https://maven.apache.org/surefire/maven-surefire-plugin/xsd/surefire-test-report-3.0.xsd" version="3.0" name="org.eqima.scanner.service.ZapServiceTest" time="0.231" tests="6" errors="0" skipped="0" failures="0">
  <properties>
[...]
</properties>
  <testcase name="mapAlert_highRisk_mapsToHighSeverity" classname="org.eqima.scanner.service.ZapServiceTest" time="0.191"/>
  <testcase name="mapAlert_unknownRisk_mapsToInformational" classname="org.eqima.scanner.service.ZapServiceTest" time="0.001"/>
  <testcase name="mapAlert_mediumRisk_mapsToMediumSeverity" classname="org.eqima.scanner.service.ZapServiceTest" time="0.001"/>
  <testcase name="mapSeverity_caseInsensitive" classname="org.eqima.scanner.service.ZapServiceTest" time="0.003"/>
  <testcase name="mapAlert_informationalRisk_mapsToInformational" classname="org.eqima.scanner.service.ZapServiceTest" time="0.002"/>
  <testcase name="mapAlert_lowRisk_mapsToLowSeverity" classname="org.eqima.scanner.service.ZapServiceTest" time="0.002"/>
</testsuite>